[2024-11-28 00:40:38,590: INFO: utils: Note: NumExpr detected 12 cores but "NUMEXPR_MAX_THREADS" not set, so enforcing safe limit of 8.]
[2024-11-28 00:40:38,591: INFO: utils: NumExpr defaulting to 8 threads.]
[2024-11-28 00:40:47,401: INFO: main: >>>>>> stage Data Ingestion stage started <<<<<<]
[2024-11-28 00:40:47,411: INFO: common: yaml file: config\config.yaml loaded successfully]
[2024-11-28 00:40:47,415: INFO: common: yaml file: params.yaml loaded successfully]
[2024-11-28 00:40:47,418: INFO: common: yaml file: schema.yaml loaded successfully]
[2024-11-28 00:40:47,419: INFO: common: created directory at: artifacts]
[2024-11-28 00:40:47,434: INFO: common: created directory at: artifacts/data_ingestion]
[2024-11-28 00:40:49,334: INFO: data_ingestion: artifacts/data_ingestion/data.zip download! with following info: 
Connection: close
Content-Length: 262245
Cache-Control: max-age=300
Content-Security-Policy: default-src 'none'; style-src 'unsafe-inline'; sandbox
Content-Type: application/zip
ETag: "38f05fbe5c6bc8f922ea71383a90fcd0dc1377257fc51aebf7e3fe2c649fa603"
Strict-Transport-Security: max-age=31536000
X-Content-Type-Options: nosniff
X-Frame-Options: deny
X-XSS-Protection: 1; mode=block
X-GitHub-Request-Id: 4250:0E08:EF8B48:F8F93E:674791E2
Accept-Ranges: bytes
Date: Wed, 27 Nov 2024 21:40:50 GMT
Via: 1.1 varnish
X-Served-By: cache-vie6373-VIE
X-Cache: MISS
X-Cache-Hits: 0
X-Timer: S1732743650.368301,VS0,VE204
Vary: Authorization,Accept-Encoding,Origin
Access-Control-Allow-Origin: *
Cross-Origin-Resource-Policy: cross-origin
X-Fastly-Request-ID: a0a01d85cfbbe1006a4bff3da494f3f0c32892b7
Expires: Wed, 27 Nov 2024 21:45:50 GMT
Source-Age: 0

]
[2024-11-28 00:40:49,361: INFO: main: >>>>>> stage Data Ingestion stage completed <<<<<<

x==========x]
[2024-11-28 00:40:49,362: INFO: main: >>>>>> stage Data Validation stage started <<<<<<]
[2024-11-28 00:40:49,367: INFO: common: yaml file: config\config.yaml loaded successfully]
[2024-11-28 00:40:49,369: INFO: common: yaml file: params.yaml loaded successfully]
[2024-11-28 00:40:49,373: INFO: common: yaml file: schema.yaml loaded successfully]
[2024-11-28 00:40:49,374: INFO: common: created directory at: artifacts]
[2024-11-28 00:40:49,375: INFO: common: created directory at: artifacts/data_validation]
[2024-11-28 00:40:49,434: INFO: main: >>>>>> stage Data Validation stage completed <<<<<<

x==========x]
[2024-11-28 00:40:49,435: INFO: main: >>>>>> stage Data Transformation stage started <<<<<<]
[2024-11-28 00:40:49,450: INFO: common: yaml file: config\config.yaml loaded successfully]
[2024-11-28 00:40:49,452: INFO: common: yaml file: params.yaml loaded successfully]
[2024-11-28 00:40:49,456: INFO: common: yaml file: schema.yaml loaded successfully]
[2024-11-28 00:40:49,457: INFO: common: created directory at: artifacts]
[2024-11-28 00:40:49,459: INFO: common: created directory at: artifacts/data_transformation]
[2024-11-28 00:40:49,459: INFO: data_transformation: Loading dataset...]
[2024-11-28 00:40:49,511: INFO: data_transformation: Starting data processing..]
[2024-11-28 00:40:49,838: INFO: data_transformation: Transformation_pipline saved successfully at artifacts/data_transformation\transformation_pipline.joblib]
[2024-11-28 00:40:49,839: INFO: data_transformation: Feature scaling completed.]
[2024-11-28 00:40:49,841: INFO: main: >>>>>> stage Data Transformation stage completed <<<<<<

x==========x]
[2024-11-28 00:40:49,842: INFO: main: >>>>>> stage Model Trainer stage started <<<<<<]
[2024-11-28 00:40:49,850: INFO: common: yaml file: config\config.yaml loaded successfully]
[2024-11-28 00:40:49,852: INFO: common: yaml file: params.yaml loaded successfully]
[2024-11-28 00:40:49,856: INFO: common: yaml file: schema.yaml loaded successfully]
[2024-11-28 00:40:49,858: INFO: common: created directory at: artifacts]
[2024-11-28 00:40:49,859: INFO: common: created directory at: artifacts/model_trainer]
[2024-11-28 00:40:55,198: INFO: main: >>>>>> stage Model Trainer stage completed <<<<<<

x==========x]
[2024-11-28 00:40:55,199: INFO: main: >>>>>> stage Model evaluation stage started <<<<<<]
[2024-11-28 00:40:55,206: INFO: common: yaml file: config\config.yaml loaded successfully]
[2024-11-28 00:40:55,210: INFO: common: yaml file: params.yaml loaded successfully]
[2024-11-28 00:40:55,216: INFO: common: yaml file: schema.yaml loaded successfully]
[2024-11-28 00:40:55,218: INFO: common: created directory at: artifacts]
[2024-11-28 00:40:55,220: INFO: common: created directory at: artifacts/model_evaluation]
[2024-11-28 00:40:57,063: INFO: common: json file saved at: artifacts\model_evaluation\metrics.json]
[2024-11-28 00:40:57,071: INFO: main: >>>>>> stage Model evaluation stage completed <<<<<<

x==========x]
[2024-11-28 00:41:03,510: INFO: _internal: [31m[1mWARNING: This is a development server. Do not use it in a production deployment. Use a production WSGI server instead.[0m
 * Running on all addresses (0.0.0.0)
 * Running on http://127.0.0.1:8080
 * Running on http://192.168.1.102:8080]
[2024-11-28 00:41:03,511: INFO: _internal: [33mPress CTRL+C to quit[0m]
[2024-11-28 00:41:03,558: INFO: _internal:  * Restarting with watchdog (windowsapi)]
[2024-11-28 00:41:06,467: WARNING: _internal:  * Debugger is active!]
[2024-11-28 00:41:06,475: INFO: _internal:  * Debugger PIN: 520-200-706]
[2024-11-28 00:41:11,627: INFO: _internal: 127.0.0.1 - - [28/Nov/2024 00:41:11] "GET / HTTP/1.1" 200 -]
[2024-11-28 00:41:12,588: INFO: _internal: 127.0.0.1 - - [28/Nov/2024 00:41:12] "[36mGET /static/css2/nunito-font.css HTTP/1.1[0m" 304 -]
[2024-11-28 00:41:12,600: INFO: _internal: 127.0.0.1 - - [28/Nov/2024 00:41:12] "[36mGET /static/css2/style.css HTTP/1.1[0m" 304 -]
[2024-11-28 00:41:12,615: INFO: _internal: 127.0.0.1 - - [28/Nov/2024 00:41:12] "[36mGET /static/js/scripts.js HTTP/1.1[0m" 304 -]
[2024-11-28 00:41:12,653: INFO: _internal: 127.0.0.1 - - [28/Nov/2024 00:41:12] "[36mGET /static/css/styles.css HTTP/1.1[0m" 304 -]
[2024-11-28 00:41:13,018: INFO: _internal: 127.0.0.1 - - [28/Nov/2024 00:41:13] "[33mGET /static/assets/img/wine.jpg HTTP/1.1[0m" 404 -]
[2024-11-28 00:41:13,058: INFO: _internal: 127.0.0.1 - - [28/Nov/2024 00:41:13] "[36mGET /static/assets/img/form-v9.jpg HTTP/1.1[0m" 304 -]
[2024-11-28 00:41:13,080: INFO: _internal: 127.0.0.1 - - [28/Nov/2024 00:41:13] "[33mGET /static/fonts/Nunito/Nunito-Bold.ttf HTTP/1.1[0m" 404 -]
[2024-11-28 00:41:13,142: INFO: _internal: 127.0.0.1 - - [28/Nov/2024 00:41:13] "[36mGET /static/assets/favicon.ico HTTP/1.1[0m" 304 -]
[2024-11-28 00:41:15,836: INFO: app: >>>>>> stage Prediction stage started <<<<<<]
[2024-11-28 00:41:15,849: INFO: common: yaml file: config\config.yaml loaded successfully]
[2024-11-28 00:41:15,852: INFO: common: yaml file: params.yaml loaded successfully]
[2024-11-28 00:41:15,862: INFO: common: yaml file: schema.yaml loaded successfully]
[2024-11-28 00:41:15,866: INFO: common: created directory at: artifacts]
[2024-11-28 00:41:18,520: INFO: prediction: [Prediction] Starting prediction process...]
[2024-11-28 00:41:18,579: INFO: prediction: [Prediction] Prediction is [0].]
[2024-11-28 00:41:18,580: INFO: prediction: [Prediction] Prediction completed.]
[2024-11-28 00:41:18,589: INFO: app: >>>>>> stage Prediction stage completed <<<<<<

x==========x]
[2024-11-28 00:41:18,609: INFO: _internal: 127.0.0.1 - - [28/Nov/2024 00:41:18] "POST /predict HTTP/1.1" 200 -]
[2024-11-28 00:41:18,717: INFO: _internal: 127.0.0.1 - - [28/Nov/2024 00:41:18] "[36mGET /static/css/styles.css HTTP/1.1[0m" 304 -]
[2024-11-28 00:41:18,754: INFO: _internal: 127.0.0.1 - - [28/Nov/2024 00:41:18] "[36mGET /static/js/scripts.js HTTP/1.1[0m" 304 -]
[2024-11-28 00:41:18,816: INFO: _internal: 127.0.0.1 - - [28/Nov/2024 00:41:18] "[33mGET /static/assets/img/wine.gif HTTP/1.1[0m" 404 -]
[2024-11-28 00:41:27,483: INFO: utils: Note: NumExpr detected 12 cores but "NUMEXPR_MAX_THREADS" not set, so enforcing safe limit of 8.]
[2024-11-28 00:41:27,483: INFO: utils: NumExpr defaulting to 8 threads.]
[2024-11-28 00:41:32,861: INFO: main: >>>>>> stage Data Ingestion stage started <<<<<<]
[2024-11-28 00:41:32,867: INFO: common: yaml file: config\config.yaml loaded successfully]
[2024-11-28 00:41:32,870: INFO: common: yaml file: params.yaml loaded successfully]
[2024-11-28 00:41:32,874: INFO: common: yaml file: schema.yaml loaded successfully]
[2024-11-28 00:41:32,875: INFO: common: created directory at: artifacts]
[2024-11-28 00:41:32,875: INFO: common: created directory at: artifacts/data_ingestion]
[2024-11-28 00:41:32,876: INFO: data_ingestion: File already exists of size: ~ 256 KB]
[2024-11-28 00:41:32,890: INFO: main: >>>>>> stage Data Ingestion stage completed <<<<<<

x==========x]
[2024-11-28 00:41:32,891: INFO: main: >>>>>> stage Data Validation stage started <<<<<<]
[2024-11-28 00:41:32,899: INFO: common: yaml file: config\config.yaml loaded successfully]
[2024-11-28 00:41:32,901: INFO: common: yaml file: params.yaml loaded successfully]
[2024-11-28 00:41:32,905: INFO: common: yaml file: schema.yaml loaded successfully]
[2024-11-28 00:41:32,906: INFO: common: created directory at: artifacts]
[2024-11-28 00:41:32,907: INFO: common: created directory at: artifacts/data_validation]
[2024-11-28 00:41:32,963: INFO: main: >>>>>> stage Data Validation stage completed <<<<<<

x==========x]
[2024-11-28 00:41:32,964: INFO: main: >>>>>> stage Data Transformation stage started <<<<<<]
[2024-11-28 00:41:32,974: INFO: common: yaml file: config\config.yaml loaded successfully]
[2024-11-28 00:41:32,977: INFO: common: yaml file: params.yaml loaded successfully]
[2024-11-28 00:41:32,981: INFO: common: yaml file: schema.yaml loaded successfully]
[2024-11-28 00:41:32,982: INFO: common: created directory at: artifacts]
[2024-11-28 00:41:32,983: INFO: common: created directory at: artifacts/data_transformation]
[2024-11-28 00:41:32,984: INFO: data_transformation: Loading dataset...]
[2024-11-28 00:41:33,038: INFO: data_transformation: Starting data processing..]
[2024-11-28 00:41:33,367: INFO: data_transformation: Transformation_pipline saved successfully at artifacts/data_transformation\transformation_pipline.joblib]
[2024-11-28 00:41:33,368: INFO: data_transformation: Feature scaling completed.]
[2024-11-28 00:41:33,370: INFO: main: >>>>>> stage Data Transformation stage completed <<<<<<

x==========x]
[2024-11-28 00:41:33,372: INFO: main: >>>>>> stage Model Trainer stage started <<<<<<]
[2024-11-28 00:41:33,383: INFO: common: yaml file: config\config.yaml loaded successfully]
[2024-11-28 00:41:33,391: INFO: common: yaml file: params.yaml loaded successfully]
[2024-11-28 00:41:33,400: INFO: common: yaml file: schema.yaml loaded successfully]
[2024-11-28 00:41:33,402: INFO: common: created directory at: artifacts]
[2024-11-28 00:41:33,403: INFO: common: created directory at: artifacts/model_trainer]
[2024-11-28 00:41:38,235: INFO: main: >>>>>> stage Model Trainer stage completed <<<<<<

x==========x]
[2024-11-28 00:41:38,235: INFO: main: >>>>>> stage Model evaluation stage started <<<<<<]
[2024-11-28 00:41:38,243: INFO: common: yaml file: config\config.yaml loaded successfully]
[2024-11-28 00:41:38,249: INFO: common: yaml file: params.yaml loaded successfully]
[2024-11-28 00:41:38,259: INFO: common: yaml file: schema.yaml loaded successfully]
[2024-11-28 00:41:38,260: INFO: common: created directory at: artifacts]
[2024-11-28 00:41:38,261: INFO: common: created directory at: artifacts/model_evaluation]
[2024-11-28 00:41:39,623: INFO: common: json file saved at: artifacts\model_evaluation\metrics.json]
[2024-11-28 00:41:39,632: INFO: main: >>>>>> stage Model evaluation stage completed <<<<<<

x==========x]
[2024-11-28 00:41:40,269: INFO: _internal: 127.0.0.1 - - [28/Nov/2024 00:41:40] "GET /train HTTP/1.1" 200 -]
[2024-11-28 01:42:33,044: INFO: utils: Note: NumExpr detected 12 cores but "NUMEXPR_MAX_THREADS" not set, so enforcing safe limit of 8.]
[2024-11-28 01:42:33,067: INFO: utils: NumExpr defaulting to 8 threads.]
[2024-11-28 01:42:43,670: INFO: main: >>>>>> stage Data Ingestion stage started <<<<<<]
[2024-11-28 01:42:43,729: INFO: common: yaml file: config\config.yaml loaded successfully]
[2024-11-28 01:42:43,733: INFO: common: yaml file: params.yaml loaded successfully]
[2024-11-28 01:42:43,742: INFO: common: yaml file: schema.yaml loaded successfully]
[2024-11-28 01:42:43,743: INFO: common: created directory at: artifacts]
[2024-11-28 01:42:43,744: INFO: common: created directory at: artifacts/data_ingestion]
[2024-11-28 01:42:43,746: INFO: data_ingestion: File already exists of size: ~ 256 KB]
[2024-11-28 01:42:43,882: INFO: main: >>>>>> stage Data Ingestion stage completed <<<<<<

x==========x]
[2024-11-28 01:42:43,883: INFO: main: >>>>>> stage Data Validation stage started <<<<<<]
[2024-11-28 01:42:43,896: INFO: common: yaml file: config\config.yaml loaded successfully]
[2024-11-28 01:42:43,898: INFO: common: yaml file: params.yaml loaded successfully]
[2024-11-28 01:42:43,907: INFO: common: yaml file: schema.yaml loaded successfully]
[2024-11-28 01:42:43,908: INFO: common: created directory at: artifacts]
[2024-11-28 01:42:43,909: INFO: common: created directory at: artifacts/data_validation]
[2024-11-28 01:42:44,046: INFO: main: >>>>>> stage Data Validation stage completed <<<<<<

x==========x]
[2024-11-28 01:42:44,049: INFO: main: >>>>>> stage Data Transformation stage started <<<<<<]
[2024-11-28 01:42:44,077: INFO: common: yaml file: config\config.yaml loaded successfully]
[2024-11-28 01:42:44,084: INFO: common: yaml file: params.yaml loaded successfully]
[2024-11-28 01:42:44,102: INFO: common: yaml file: schema.yaml loaded successfully]
[2024-11-28 01:42:44,109: INFO: common: created directory at: artifacts]
[2024-11-28 01:42:44,163: INFO: common: created directory at: artifacts/data_transformation]
[2024-11-28 01:42:44,164: INFO: data_transformation: Loading dataset...]
[2024-11-28 01:42:44,314: INFO: data_transformation: Starting data processing..]
[2024-11-28 01:42:45,075: INFO: data_transformation: Transformation_pipline saved successfully at artifacts/data_transformation\transformation_pipline.joblib]
[2024-11-28 01:42:45,075: INFO: data_transformation: Feature scaling completed.]
[2024-11-28 01:42:45,077: INFO: main: >>>>>> stage Data Transformation stage completed <<<<<<

x==========x]
[2024-11-28 01:42:45,079: INFO: main: >>>>>> stage Model Trainer stage started <<<<<<]
[2024-11-28 01:42:45,094: INFO: common: yaml file: config\config.yaml loaded successfully]
[2024-11-28 01:42:45,099: INFO: common: yaml file: params.yaml loaded successfully]
[2024-11-28 01:42:45,110: INFO: common: yaml file: schema.yaml loaded successfully]
[2024-11-28 01:42:45,112: INFO: common: created directory at: artifacts]
[2024-11-28 01:42:45,113: INFO: common: created directory at: artifacts/model_trainer]
[2024-11-28 01:42:51,209: INFO: main: >>>>>> stage Model Trainer stage completed <<<<<<

x==========x]
[2024-11-28 01:42:51,210: INFO: main: >>>>>> stage Model evaluation stage started <<<<<<]
[2024-11-28 01:42:51,219: INFO: common: yaml file: config\config.yaml loaded successfully]
[2024-11-28 01:42:51,223: INFO: common: yaml file: params.yaml loaded successfully]
[2024-11-28 01:42:51,231: INFO: common: yaml file: schema.yaml loaded successfully]
[2024-11-28 01:42:51,232: INFO: common: created directory at: artifacts]
[2024-11-28 01:42:51,233: INFO: common: created directory at: artifacts/model_evaluation]
[2024-11-28 01:42:52,709: INFO: common: json file saved at: artifacts\model_evaluation\metrics.json]
[2024-11-28 01:42:52,715: INFO: main: >>>>>> stage Model evaluation stage completed <<<<<<

x==========x]
